<?xml version="1.0"?>
<testsuite name="HeadlessChrome 106.0.5249 (Windows 10.0.0)" package="unit" timestamp="2022-10-14T01:47:20" id="0" hostname="W1080Q9K03" tests="5" errors="1" failures="5" time="0.08">
  <properties>
    <property name="browser.fullName" value="Mozilla/5.0 (Windows NT 10.0; Win64; x64) AppleWebKit/537.36 (KHTML, like Gecko) HeadlessChrome/106.0.5249.119 Safari/537.36"/>
  </properties>
  <testcase name="KanbanBoard For a task in stage 4, can be moved backward till stage 0 and check for buttons are enabled/disabled correctly" time="0.049" classname=".KanbanBoard">
    <failure type="">Error: Expected false to be true.
    at &lt;Jasmine&gt;
    at http://localhost:9876/_karma_webpack_/src/app/kanbanBoard/kanbanBoard.component.spec.ts:226:66
    at &lt;Jasmine&gt;
    at fulfilled (http://localhost:9876/_karma_webpack_/node_modules/tslib/tslib.es6.js:71:42)
</failure>
    <failure type="">Error: Expected true to be false.
    at &lt;Jasmine&gt;
    at http://localhost:9876/_karma_webpack_/src/app/kanbanBoard/kanbanBoard.component.spec.ts:227:63
    at &lt;Jasmine&gt;
    at fulfilled (http://localhost:9876/_karma_webpack_/node_modules/tslib/tslib.es6.js:71:42)
</failure>
    <failure type="">Error: Expected false to be true.
    at &lt;Jasmine&gt;
    at http://localhost:9876/_karma_webpack_/src/app/kanbanBoard/kanbanBoard.component.spec.ts:239:63
    at &lt;Jasmine&gt;
    at fulfilled (http://localhost:9876/_karma_webpack_/node_modules/tslib/tslib.es6.js:71:42)
</failure>
    <failure type="">Error: Expected true to be false.
    at &lt;Jasmine&gt;
    at http://localhost:9876/_karma_webpack_/src/app/kanbanBoard/kanbanBoard.component.spec.ts:241:63
    at &lt;Jasmine&gt;
    at fulfilled (http://localhost:9876/_karma_webpack_/node_modules/tslib/tslib.es6.js:71:42)
</failure>
    <failure type="">Error: Expected false to be true.
    at &lt;Jasmine&gt;
    at http://localhost:9876/_karma_webpack_/src/app/kanbanBoard/kanbanBoard.component.spec.ts:252:66
    at &lt;Jasmine&gt;
    at fulfilled (http://localhost:9876/_karma_webpack_/node_modules/tslib/tslib.es6.js:71:42)
</failure>
    <failure type="">Error: Expected true to be false.
    at &lt;Jasmine&gt;
    at http://localhost:9876/_karma_webpack_/src/app/kanbanBoard/kanbanBoard.component.spec.ts:255:63
    at &lt;Jasmine&gt;
    at fulfilled (http://localhost:9876/_karma_webpack_/node_modules/tslib/tslib.es6.js:71:42)
</failure>
    <failure type="">Error: Expected false to equal true.
    at &lt;Jasmine&gt;
    at http://localhost:9876/_karma_webpack_/src/app/kanbanBoard/kanbanBoard.component.spec.ts:257:59
    at &lt;Jasmine&gt;
    at fulfilled (http://localhost:9876/_karma_webpack_/node_modules/tslib/tslib.es6.js:71:42)
</failure>
  </testcase>
  <testcase name="KanbanBoard after many forward and back operations, tasks are in correct state" time="0.013" classname=".KanbanBoard">
    <failure type="">Error: Expected 3 to be 2.
    at &lt;Jasmine&gt;
    at http://localhost:9876/_karma_webpack_/src/app/kanbanBoard/kanbanBoard.component.spec.ts:283:42
    at &lt;Jasmine&gt;
    at fulfilled (http://localhost:9876/_karma_webpack_/node_modules/tslib/tslib.es6.js:71:42)
</failure>
    <failure type="">Error: Expected false to be true.
    at &lt;Jasmine&gt;
    at http://localhost:9876/_karma_webpack_/src/app/kanbanBoard/kanbanBoard.component.spec.ts:285:73
    at &lt;Jasmine&gt;
    at fulfilled (http://localhost:9876/_karma_webpack_/node_modules/tslib/tslib.es6.js:71:42)
</failure>
    <failure type="">Error: Expected false to be true.
    at &lt;Jasmine&gt;
    at http://localhost:9876/_karma_webpack_/src/app/kanbanBoard/kanbanBoard.component.spec.ts:288:70
    at &lt;Jasmine&gt;
    at fulfilled (http://localhost:9876/_karma_webpack_/node_modules/tslib/tslib.es6.js:71:42)
</failure>
    <failure type="">Error: Expected false to be true.
    at &lt;Jasmine&gt;
    at http://localhost:9876/_karma_webpack_/src/app/kanbanBoard/kanbanBoard.component.spec.ts:289:70
    at &lt;Jasmine&gt;
    at fulfilled (http://localhost:9876/_karma_webpack_/node_modules/tslib/tslib.es6.js:71:42)
</failure>
    <failure type="">Error: Expected false to be true.
    at &lt;Jasmine&gt;
    at http://localhost:9876/_karma_webpack_/src/app/kanbanBoard/kanbanBoard.component.spec.ts:290:70
    at &lt;Jasmine&gt;
    at fulfilled (http://localhost:9876/_karma_webpack_/node_modules/tslib/tslib.es6.js:71:42)
</failure>
    <failure type="">Error: Expected 2 to be 4.
    at &lt;Jasmine&gt;
    at http://localhost:9876/_karma_webpack_/src/app/kanbanBoard/kanbanBoard.component.spec.ts:292:42
    at &lt;Jasmine&gt;
    at fulfilled (http://localhost:9876/_karma_webpack_/node_modules/tslib/tslib.es6.js:71:42)
</failure>
    <failure type="">Error: Expected false to be true.
    at &lt;Jasmine&gt;
    at http://localhost:9876/_karma_webpack_/src/app/kanbanBoard/kanbanBoard.component.spec.ts:293:73
    at &lt;Jasmine&gt;
    at fulfilled (http://localhost:9876/_karma_webpack_/node_modules/tslib/tslib.es6.js:71:42)
</failure>
    <failure type="">Error: Expected false to be true.
    at &lt;Jasmine&gt;
    at http://localhost:9876/_karma_webpack_/src/app/kanbanBoard/kanbanBoard.component.spec.ts:294:73
    at &lt;Jasmine&gt;
    at fulfilled (http://localhost:9876/_karma_webpack_/node_modules/tslib/tslib.es6.js:71:42)
</failure>
    <failure type="">Error: Expected false to be true.
    at &lt;Jasmine&gt;
    at http://localhost:9876/_karma_webpack_/src/app/kanbanBoard/kanbanBoard.component.spec.ts:295:73
    at &lt;Jasmine&gt;
    at fulfilled (http://localhost:9876/_karma_webpack_/node_modules/tslib/tslib.es6.js:71:42)
</failure>
    <failure type="">Error: Expected false to be true.
    at &lt;Jasmine&gt;
    at http://localhost:9876/_karma_webpack_/src/app/kanbanBoard/kanbanBoard.component.spec.ts:296:74
    at &lt;Jasmine&gt;
    at fulfilled (http://localhost:9876/_karma_webpack_/node_modules/tslib/tslib.es6.js:71:42)
</failure>
    <failure type="">Error: Expected 2 to be 1.
    at &lt;Jasmine&gt;
    at http://localhost:9876/_karma_webpack_/src/app/kanbanBoard/kanbanBoard.component.spec.ts:298:39
    at &lt;Jasmine&gt;
    at fulfilled (http://localhost:9876/_karma_webpack_/node_modules/tslib/tslib.es6.js:71:42)
</failure>
    <failure type="">Error: Expected false to be true.
    at &lt;Jasmine&gt;
    at http://localhost:9876/_karma_webpack_/src/app/kanbanBoard/kanbanBoard.component.spec.ts:299:70
    at &lt;Jasmine&gt;
    at fulfilled (http://localhost:9876/_karma_webpack_/node_modules/tslib/tslib.es6.js:71:42)
</failure>
  </testcase>
  <testcase name="KanbanBoard For each task in stage 2 and stage 3, backward and forward buttons are correctly enabled/disabled" time="0.006" classname=".KanbanBoard">
    <failure type="">Error: Expected false to equal true.
    at &lt;Jasmine&gt;
    at http://localhost:9876/_karma_webpack_/src/app/kanbanBoard/kanbanBoard.component.spec.ts:126:62
    at &lt;Jasmine&gt;
    at fulfilled (http://localhost:9876/_karma_webpack_/node_modules/tslib/tslib.es6.js:71:42)
</failure>
    <failure type="">Error: Expected false to equal true.
    at &lt;Jasmine&gt;
    at http://localhost:9876/_karma_webpack_/src/app/kanbanBoard/kanbanBoard.component.spec.ts:130:63
    at &lt;Jasmine&gt;
    at fulfilled (http://localhost:9876/_karma_webpack_/node_modules/tslib/tslib.es6.js:71:42)
</failure>
  </testcase>
  <testcase name="KanbanBoard For a task in stage 0, can be moved forward till stage 4 and buttons are correctly enabled and disabled in stage 4" time="0.007" classname=".KanbanBoard">
    <failure type="">Error: Expected true to be false.
    at &lt;Jasmine&gt;
    at http://localhost:9876/_karma_webpack_/src/app/kanbanBoard/kanbanBoard.component.spec.ts:160:66
    at &lt;Jasmine&gt;
    at fulfilled (http://localhost:9876/_karma_webpack_/node_modules/tslib/tslib.es6.js:71:42)
</failure>
    <failure type="">Error: Expected false to be true.
    at &lt;Jasmine&gt;
    at http://localhost:9876/_karma_webpack_/src/app/kanbanBoard/kanbanBoard.component.spec.ts:161:63
    at &lt;Jasmine&gt;
    at fulfilled (http://localhost:9876/_karma_webpack_/node_modules/tslib/tslib.es6.js:71:42)
</failure>
    <failure type="">Error: Expected true to be false.
    at &lt;Jasmine&gt;
    at http://localhost:9876/_karma_webpack_/src/app/kanbanBoard/kanbanBoard.component.spec.ts:174:66
    at &lt;Jasmine&gt;
    at fulfilled (http://localhost:9876/_karma_webpack_/node_modules/tslib/tslib.es6.js:71:42)
</failure>
    <failure type="">Error: Expected false to be true.
    at &lt;Jasmine&gt;
    at http://localhost:9876/_karma_webpack_/src/app/kanbanBoard/kanbanBoard.component.spec.ts:176:66
    at &lt;Jasmine&gt;
    at fulfilled (http://localhost:9876/_karma_webpack_/node_modules/tslib/tslib.es6.js:71:42)
</failure>
    <failure type="">Error: Expected true to be false.
    at &lt;Jasmine&gt;
    at http://localhost:9876/_karma_webpack_/src/app/kanbanBoard/kanbanBoard.component.spec.ts:188:66
    at &lt;Jasmine&gt;
    at fulfilled (http://localhost:9876/_karma_webpack_/node_modules/tslib/tslib.es6.js:71:42)
</failure>
    <failure type="">Error: Expected false to be true.
    at &lt;Jasmine&gt;
    at http://localhost:9876/_karma_webpack_/src/app/kanbanBoard/kanbanBoard.component.spec.ts:191:63
    at &lt;Jasmine&gt;
    at fulfilled (http://localhost:9876/_karma_webpack_/node_modules/tslib/tslib.es6.js:71:42)
</failure>
    <failure type="">Error: Expected false to equal true.
    at &lt;Jasmine&gt;
    at http://localhost:9876/_karma_webpack_/src/app/kanbanBoard/kanbanBoard.component.spec.ts:194:62
    at &lt;Jasmine&gt;
    at fulfilled (http://localhost:9876/_karma_webpack_/node_modules/tslib/tslib.es6.js:71:42)
</failure>
  </testcase>
  <testcase name="KanbanBoard For each task in stage 0 and stage 1, backward and forward buttons are correctly enabled/disabled" time="0.005" classname=".KanbanBoard">
    <failure type="">Error: Expected false to equal true.
    at &lt;Jasmine&gt;
    at http://localhost:9876/_karma_webpack_/src/app/kanbanBoard/kanbanBoard.component.spec.ts:69:59
    at &lt;Jasmine&gt;
    at fulfilled (http://localhost:9876/_karma_webpack_/node_modules/tslib/tslib.es6.js:71:42)
</failure>
    <failure type="">Error: Expected false to equal true.
    at &lt;Jasmine&gt;
    at http://localhost:9876/_karma_webpack_/src/app/kanbanBoard/kanbanBoard.component.spec.ts:73:59
    at &lt;Jasmine&gt;
    at fulfilled (http://localhost:9876/_karma_webpack_/node_modules/tslib/tslib.es6.js:71:42)
</failure>
    <failure type="">Error: Expected false to equal true.
    at &lt;Jasmine&gt;
    at http://localhost:9876/_karma_webpack_/src/app/kanbanBoard/kanbanBoard.component.spec.ts:77:59
    at &lt;Jasmine&gt;
    at fulfilled (http://localhost:9876/_karma_webpack_/node_modules/tslib/tslib.es6.js:71:42)
</failure>
  </testcase>
  <system-out>
    <![CDATA[
]]>
  </system-out>
  <system-err/>
</testsuite>